=== 2026-03-21 21:21:05 +0900 20-shp2geopackage.sh zure 開始 ===
ORIGIN_ROOT=/home/ubuntu/work/cursor/zure-map-pipeline/data/01-raw-data/05ホームページ公開用データ及びプログラム/データ/公図と現況のずれデータ
OUTPUT_BASE=/home/ubuntu/work/cursor/zure-map-pipeline/data/03-geopackage/shp2geopackage/run_zure_20260321_212105
ZURE_SHIKUCHOSON=
（系別 GPKG の全国 1 ファイルへの統合は 40-merge-geopackage.sh zure）
--- 系 01 (EPSG:6669) SHP 13 件 → /home/ubuntu/work/cursor/zure-map-pipeline/data/03-geopackage/shp2geopackage/run_zure_20260321_212105/geopackage_per_kei/01.gpkg ---
Warning 1: A geometry of type MULTIPOLYGON is inserted into layer kozu_merged of geometry type POLYGON, which is not normally allowed by the GeoPackage specification, but the driver will however do it. To create a conformant GeoPackage, if using ogr2ogr, the -nlt option can be used to override the layer geometry type. This warning will no longer be emitted for this combination of layer and feature geometry type.
[kei 01] 完了 featureCount 目安: 35440
--- 系 02 (EPSG:6670) SHP 45 件 → /home/ubuntu/work/cursor/zure-map-pipeline/data/03-geopackage/shp2geopackage/run_zure_20260321_212105/geopackage_per_kei/02.gpkg ---
Warning 1: A geometry of type MULTIPOLYGON is inserted into layer kozu_merged of geometry type POLYGON, which is not normally allowed by the GeoPackage specification, but the driver will however do it. To create a conformant GeoPackage, if using ogr2ogr, the -nlt option can be used to override the layer geometry type. This warning will no longer be emitted for this combination of layer and feature geometry type.
Warning 1: Non closed ring detected. To avoid accepting it, set the OGR_GEOMETRY_ACCEPT_UNCLOSED_RING configuration option to NO
Warning 1: Non closed ring detected. To avoid accepting it, set the OGR_GEOMETRY_ACCEPT_UNCLOSED_RING configuration option to NO
Warning 1: organizePolygons() received an unexpected geometry.  Either a polygon with interior rings, or a polygon with less than 4 points, or a non-Polygon geometry.  Return arguments as a collection.
Warning 1: Non closed ring detected. To avoid accepting it, set the OGR_GEOMETRY_ACCEPT_UNCLOSED_RING configuration option to NO
ERROR 1: IllegalArgumentException: Points of LinearRing do not form a closed linestring
Warning 1: Non closed ring detected. To avoid accepting it, set the OGR_GEOMETRY_ACCEPT_UNCLOSED_RING configuration option to NO
Warning 1: Non closed ring detected. To avoid accepting it, set the OGR_GEOMETRY_ACCEPT_UNCLOSED_RING configuration option to NO
Warning 1: Non closed ring detected. To avoid accepting it, set the OGR_GEOMETRY_ACCEPT_UNCLOSED_RING configuration option to NO
ERROR 1: IllegalArgumentException: Points of LinearRing do not form a closed linestring
[kei 02] 完了 featureCount 目安: 146323
--- 系 03 (EPSG:6671) SHP 25 件 → /home/ubuntu/work/cursor/zure-map-pipeline/data/03-geopackage/shp2geopackage/run_zure_20260321_212105/geopackage_per_kei/03.gpkg ---
Warning 1: A geometry of type POINT is inserted into layer kozu_merged of geometry type POLYGON, which is not normally allowed by the GeoPackage specification, but the driver will however do it. To create a conformant GeoPackage, if using ogr2ogr, the -nlt option can be used to override the layer geometry type. This warning will no longer be emitted for this combination of layer and feature geometry type.
Warning 1: A geometry of type MULTIPOLYGON is inserted into layer kozu_merged of geometry type POLYGON, which is not normally allowed by the GeoPackage specification, but the driver will however do it. To create a conformant GeoPackage, if using ogr2ogr, the -nlt option can be used to override the layer geometry type. This warning will no longer be emitted for this combination of layer and feature geometry type.
Warning 1: Non closed ring detected. To avoid accepting it, set the OGR_GEOMETRY_ACCEPT_UNCLOSED_RING configuration option to NO
Warning 1: Non closed ring detected. To avoid accepting it, set the OGR_GEOMETRY_ACCEPT_UNCLOSED_RING configuration option to NO
ERROR 1: IllegalArgumentException: Points of LinearRing do not form a closed linestring
Warning 1: Non closed ring detected. To avoid accepting it, set the OGR_GEOMETRY_ACCEPT_UNCLOSED_RING configuration option to NO
Warning 1: Non closed ring detected. To avoid accepting it, set the OGR_GEOMETRY_ACCEPT_UNCLOSED_RING configuration option to NO
ERROR 1: IllegalArgumentException: Points of LinearRing do not form a closed linestring
Warning 1: Non closed ring detected. To avoid accepting it, set the OGR_GEOMETRY_ACCEPT_UNCLOSED_RING configuration option to NO
Warning 1: Non closed ring detected. To avoid accepting it, set the OGR_GEOMETRY_ACCEPT_UNCLOSED_RING configuration option to NO
Warning 1: organizePolygons() received an unexpected geometry.  Either a polygon with interior rings, or a polygon with less than 4 points, or a non-Polygon geometry.  Return arguments as a collection.
Warning 1: Non closed ring detected. To avoid accepting it, set the OGR_GEOMETRY_ACCEPT_UNCLOSED_RING configuration option to NO
ERROR 1: IllegalArgumentException: Points of LinearRing do not form a closed linestring
Warning 1: Non closed ring detected. To avoid accepting it, set the OGR_GEOMETRY_ACCEPT_UNCLOSED_RING configuration option to NO
Warning 1: Non closed ring detected. To avoid accepting it, set the OGR_GEOMETRY_ACCEPT_UNCLOSED_RING configuration option to NO
ERROR 1: IllegalArgumentException: Points of LinearRing do not form a closed linestring
Warning 1: Non closed ring detected. To avoid accepting it, set the OGR_GEOMETRY_ACCEPT_UNCLOSED_RING configuration option to NO
ERROR 1: IllegalArgumentException: Points of LinearRing do not form a closed linestring
Warning 1: Non closed ring detected. To avoid accepting it, set the OGR_GEOMETRY_ACCEPT_UNCLOSED_RING configuration option to NO
ERROR 1: IllegalArgumentException: Points of LinearRing do not form a closed linestring
Warning 1: Non closed ring detected. To avoid accepting it, set the OGR_GEOMETRY_ACCEPT_UNCLOSED_RING configuration option to NO
ERROR 1: IllegalArgumentException: Points of LinearRing do not form a closed linestring
Warning 1: Non closed ring detected. To avoid accepting it, set the OGR_GEOMETRY_ACCEPT_UNCLOSED_RING configuration option to NO
ERROR 1: IllegalArgumentException: Points of LinearRing do not form a closed linestring
Warning 1: Non closed ring detected. To avoid accepting it, set the OGR_GEOMETRY_ACCEPT_UNCLOSED_RING configuration option to NO
ERROR 1: IllegalArgumentException: Points of LinearRing do not form a closed linestring
Warning 1: Non closed ring detected. To avoid accepting it, set the OGR_GEOMETRY_ACCEPT_UNCLOSED_RING configuration option to NO
ERROR 1: IllegalArgumentException: Points of LinearRing do not form a closed linestring
Warning 1: Non closed ring detected. To avoid accepting it, set the OGR_GEOMETRY_ACCEPT_UNCLOSED_RING configuration option to NO
ERROR 1: IllegalArgumentException: Points of LinearRing do not form a closed linestring
Warning 1: Non closed ring detected. To avoid accepting it, set the OGR_GEOMETRY_ACCEPT_UNCLOSED_RING configuration option to NO
ERROR 1: IllegalArgumentException: Points of LinearRing do not form a closed linestring
Warning 1: Non closed ring detected. To avoid accepting it, set the OGR_GEOMETRY_ACCEPT_UNCLOSED_RING configuration option to NO
ERROR 1: IllegalArgumentException: Points of LinearRing do not form a closed linestring
Warning 1: Non closed ring detected. To avoid accepting it, set the OGR_GEOMETRY_ACCEPT_UNCLOSED_RING configuration option to NO
ERROR 1: IllegalArgumentException: Points of LinearRing do not form a closed linestring
Warning 1: Non closed ring detected. To avoid accepting it, set the OGR_GEOMETRY_ACCEPT_UNCLOSED_RING configuration option to NO
ERROR 1: IllegalArgumentException: Points of LinearRing do not form a closed linestring
Warning 1: Non closed ring detected. To avoid accepting it, set the OGR_GEOMETRY_ACCEPT_UNCLOSED_RING configuration option to NO
ERROR 1: IllegalArgumentException: Points of LinearRing do not form a closed linestring
Warning 1: A geometry of type LINESTRING is inserted into layer kozu_merged of geometry type POLYGON, which is not normally allowed by the GeoPackage specification, but the driver will however do it. To create a conformant GeoPackage, if using ogr2ogr, the -nlt option can be used to override the layer geometry type. This warning will no longer be emitted for this combination of layer and feature geometry type.
Warning 1: Non closed ring detected. To avoid accepting it, set the OGR_GEOMETRY_ACCEPT_UNCLOSED_RING configuration option to NO
ERROR 1: IllegalArgumentException: Points of LinearRing do not form a closed linestring
Warning 1: Non closed ring detected. To avoid accepting it, set the OGR_GEOMETRY_ACCEPT_UNCLOSED_RING configuration option to NO
ERROR 1: IllegalArgumentException: Points of LinearRing do not form a closed linestring
Warning 1: Non closed ring detected. To avoid accepting it, set the OGR_GEOMETRY_ACCEPT_UNCLOSED_RING configuration option to NO
ERROR 1: IllegalArgumentException: Points of LinearRing do not form a closed linestring
Warning 1: Non closed ring detected. To avoid accepting it, set the OGR_GEOMETRY_ACCEPT_UNCLOSED_RING configuration option to NO
ERROR 1: IllegalArgumentException: Points of LinearRing do not form a closed linestring
[kei 03] 完了 featureCount 目安: 117421
--- 系 04 (EPSG:6672) SHP 28 件 → /home/ubuntu/work/cursor/zure-map-pipeline/data/03-geopackage/shp2geopackage/run_zure_20260321_212105/geopackage_per_kei/04.gpkg ---
Warning 1: Non closed ring detected. To avoid accepting it, set the OGR_GEOMETRY_ACCEPT_UNCLOSED_RING configuration option to NO
Warning 1: Non closed ring detected. To avoid accepting it, set the OGR_GEOMETRY_ACCEPT_UNCLOSED_RING configuration option to NO
ERROR 1: IllegalArgumentException: Points of LinearRing do not form a closed linestring
Warning 1: Non closed ring detected. To avoid accepting it, set the OGR_GEOMETRY_ACCEPT_UNCLOSED_RING configuration option to NO
Warning 1: Non closed ring detected. To avoid accepting it, set the OGR_GEOMETRY_ACCEPT_UNCLOSED_RING configuration option to NO
ERROR 1: IllegalArgumentException: Points of LinearRing do not form a closed linestring
Warning 1: A geometry of type MULTIPOLYGON is inserted into layer kozu_merged of geometry type POLYGON, which is not normally allowed by the GeoPackage specification, but the driver will however do it. To create a conformant GeoPackage, if using ogr2ogr, the -nlt option can be used to override the layer geometry type. This warning will no longer be emitted for this combination of layer and feature geometry type.
[kei 04] 完了 featureCount 目安: 98557
--- 系 05 (EPSG:6673) SHP 35 件 → /home/ubuntu/work/cursor/zure-map-pipeline/data/03-geopackage/shp2geopackage/run_zure_20260321_212105/geopackage_per_kei/05.gpkg ---
Warning 1: Non closed ring detected. To avoid accepting it, set the OGR_GEOMETRY_ACCEPT_UNCLOSED_RING configuration option to NO
Warning 1: Non closed ring detected. To avoid accepting it, set the OGR_GEOMETRY_ACCEPT_UNCLOSED_RING configuration option to NO
Warning 1: organizePolygons() received an unexpected geometry.  Either a polygon with interior rings, or a polygon with less than 4 points, or a non-Polygon geometry.  Return arguments as a collection.
Warning 1: Non closed ring detected. To avoid accepting it, set the OGR_GEOMETRY_ACCEPT_UNCLOSED_RING configuration option to NO
Warning 1: Non closed ring detected. To avoid accepting it, set the OGR_GEOMETRY_ACCEPT_UNCLOSED_RING configuration option to NO
ERROR 1: IllegalArgumentException: Points of LinearRing do not form a closed linestring
Warning 1: Non closed ring detected. To avoid accepting it, set the OGR_GEOMETRY_ACCEPT_UNCLOSED_RING configuration option to NO
Warning 1: Non closed ring detected. To avoid accepting it, set the OGR_GEOMETRY_ACCEPT_UNCLOSED_RING configuration option to NO
Warning 1: organizePolygons() received an unexpected geometry.  Either a polygon with interior rings, or a polygon with less than 4 points, or a non-Polygon geometry.  Return arguments as a collection.
Warning 1: Non closed ring detected. To avoid accepting it, set the OGR_GEOMETRY_ACCEPT_UNCLOSED_RING configuration option to NO
Warning 1: Non closed ring detected. To avoid accepting it, set the OGR_GEOMETRY_ACCEPT_UNCLOSED_RING configuration option to NO
ERROR 1: IllegalArgumentException: Points of LinearRing do not form a closed linestring
[kei 05] 完了 featureCount 目安: 139308
--- 系 06 (EPSG:6674) SHP 117 件 → /home/ubuntu/work/cursor/zure-map-pipeline/data/03-geopackage/shp2geopackage/run_zure_20260321_212105/geopackage_per_kei/06.gpkg ---
Warning 1: A geometry of type MULTIPOLYGON is inserted into layer kozu_merged of geometry type POLYGON, which is not normally allowed by the GeoPackage specification, but the driver will however do it. To create a conformant GeoPackage, if using ogr2ogr, the -nlt option can be used to override the layer geometry type. This warning will no longer be emitted for this combination of layer and feature geometry type.
Warning 1: A geometry of type POINT is inserted into layer kozu_merged of geometry type POLYGON, which is not normally allowed by the GeoPackage specification, but the driver will however do it. To create a conformant GeoPackage, if using ogr2ogr, the -nlt option can be used to override the layer geometry type. This warning will no longer be emitted for this combination of layer and feature geometry type.
Warning 1: Non closed ring detected. To avoid accepting it, set the OGR_GEOMETRY_ACCEPT_UNCLOSED_RING configuration option to NO
Warning 1: Non closed ring detected. To avoid accepting it, set the OGR_GEOMETRY_ACCEPT_UNCLOSED_RING configuration option to NO
Warning 1: Non closed ring detected. To avoid accepting it, set the OGR_GEOMETRY_ACCEPT_UNCLOSED_RING configuration option to NO
Warning 1: Non closed ring detected. To avoid accepting it, set the OGR_GEOMETRY_ACCEPT_UNCLOSED_RING configuration option to NO
ERROR 1: IllegalArgumentException: Points of LinearRing do not form a closed linestring
Warning 1: Non closed ring detected. To avoid accepting it, set the OGR_GEOMETRY_ACCEPT_UNCLOSED_RING configuration option to NO
Warning 1: Non closed ring detected. To avoid accepting it, set the OGR_GEOMETRY_ACCEPT_UNCLOSED_RING configuration option to NO
ERROR 1: IllegalArgumentException: Points of LinearRing do not form a closed linestring
Warning 1: Non closed ring detected. To avoid accepting it, set the OGR_GEOMETRY_ACCEPT_UNCLOSED_RING configuration option to NO
Warning 1: Non closed ring detected. To avoid accepting it, set the OGR_GEOMETRY_ACCEPT_UNCLOSED_RING configuration option to NO
ERROR 1: IllegalArgumentException: Points of LinearRing do not form a closed linestring
Warning 1: Non closed ring detected. To avoid accepting it, set the OGR_GEOMETRY_ACCEPT_UNCLOSED_RING configuration option to NO
Warning 1: Non closed ring detected. To avoid accepting it, set the OGR_GEOMETRY_ACCEPT_UNCLOSED_RING configuration option to NO
Warning 1: organizePolygons() received an unexpected geometry.  Either a polygon with interior rings, or a polygon with less than 4 points, or a non-Polygon geometry.  Return arguments as a collection.
Warning 1: Geometry of polygon of fid 3983 cannot be translated to Simple Geometry. All polygons will be contained in a multipolygon.
ERROR 1: IllegalArgumentException: Points of LinearRing do not form a closed linestring
Warning 1: Non closed ring detected. To avoid accepting it, set the OGR_GEOMETRY_ACCEPT_UNCLOSED_RING configuration option to NO
Warning 1: Non closed ring detected. To avoid accepting it, set the OGR_GEOMETRY_ACCEPT_UNCLOSED_RING configuration option to NO
ERROR 1: IllegalArgumentException: Points of LinearRing do not form a closed linestring
Warning 1: Non closed ring detected. To avoid accepting it, set the OGR_GEOMETRY_ACCEPT_UNCLOSED_RING configuration option to NO
Warning 1: Non closed ring detected. To avoid accepting it, set the OGR_GEOMETRY_ACCEPT_UNCLOSED_RING configuration option to NO
ERROR 1: IllegalArgumentException: Points of LinearRing do not form a closed linestring
Warning 1: Non closed ring detected. To avoid accepting it, set the OGR_GEOMETRY_ACCEPT_UNCLOSED_RING configuration option to NO
Warning 1: Non closed ring detected. To avoid accepting it, set the OGR_GEOMETRY_ACCEPT_UNCLOSED_RING configuration option to NO
ERROR 1: IllegalArgumentException: Points of LinearRing do not form a closed linestring
Warning 1: Non closed ring detected. To avoid accepting it, set the OGR_GEOMETRY_ACCEPT_UNCLOSED_RING configuration option to NO
Warning 1: Non closed ring detected. To avoid accepting it, set the OGR_GEOMETRY_ACCEPT_UNCLOSED_RING configuration option to NO
ERROR 1: IllegalArgumentException: Points of LinearRing do not form a closed linestring
[kei 06] 完了 featureCount 目安: 440432
--- 系 07 (EPSG:6675) SHP 96 件 → /home/ubuntu/work/cursor/zure-map-pipeline/data/03-geopackage/shp2geopackage/run_zure_20260321_212105/geopackage_per_kei/07.gpkg ---
Warning 1: A geometry of type MULTIPOLYGON is inserted into layer kozu_merged of geometry type POLYGON, which is not normally allowed by the GeoPackage specification, but the driver will however do it. To create a conformant GeoPackage, if using ogr2ogr, the -nlt option can be used to override the layer geometry type. This warning will no longer be emitted for this combination of layer and feature geometry type.
Warning 1: Non closed ring detected. To avoid accepting it, set the OGR_GEOMETRY_ACCEPT_UNCLOSED_RING configuration option to NO
Warning 1: Non closed ring detected. To avoid accepting it, set the OGR_GEOMETRY_ACCEPT_UNCLOSED_RING configuration option to NO
ERROR 1: IllegalArgumentException: Points of LinearRing do not form a closed linestring
Warning 1: Non closed ring detected. To avoid accepting it, set the OGR_GEOMETRY_ACCEPT_UNCLOSED_RING configuration option to NO
Warning 1: Non closed ring detected. To avoid accepting it, set the OGR_GEOMETRY_ACCEPT_UNCLOSED_RING configuration option to NO
ERROR 1: IllegalArgumentException: Points of LinearRing do not form a closed linestring
Warning 1: Non closed ring detected. To avoid accepting it, set the OGR_GEOMETRY_ACCEPT_UNCLOSED_RING configuration option to NO
Warning 1: Non closed ring detected. To avoid accepting it, set the OGR_GEOMETRY_ACCEPT_UNCLOSED_RING configuration option to NO
ERROR 1: IllegalArgumentException: Points of LinearRing do not form a closed linestring
[kei 07] 完了 featureCount 目安: 259938
--- 系 08 (EPSG:6676) SHP 64 件 → /home/ubuntu/work/cursor/zure-map-pipeline/data/03-geopackage/shp2geopackage/run_zure_20260321_212105/geopackage_per_kei/08.gpkg ---
Warning 1: A geometry of type MULTIPOLYGON is inserted into layer kozu_merged of geometry type POLYGON, which is not normally allowed by the GeoPackage specification, but the driver will however do it. To create a conformant GeoPackage, if using ogr2ogr, the -nlt option can be used to override the layer geometry type. This warning will no longer be emitted for this combination of layer and feature geometry type.
Warning 1: Non closed ring detected. To avoid accepting it, set the OGR_GEOMETRY_ACCEPT_UNCLOSED_RING configuration option to NO
Warning 1: Non closed ring detected. To avoid accepting it, set the OGR_GEOMETRY_ACCEPT_UNCLOSED_RING configuration option to NO
Warning 1: organizePolygons() received an unexpected geometry.  Either a polygon with interior rings, or a polygon with less than 4 points, or a non-Polygon geometry.  Return arguments as a collection.
Warning 1: Non closed ring detected. To avoid accepting it, set the OGR_GEOMETRY_ACCEPT_UNCLOSED_RING configuration option to NO
Warning 1: Non closed ring detected. To avoid accepting it, set the OGR_GEOMETRY_ACCEPT_UNCLOSED_RING configuration option to NO
ERROR 1: IllegalArgumentException: Points of LinearRing do not form a closed linestring
Warning 1: Non closed ring detected. To avoid accepting it, set the OGR_GEOMETRY_ACCEPT_UNCLOSED_RING configuration option to NO
Warning 1: Non closed ring detected. To avoid accepting it, set the OGR_GEOMETRY_ACCEPT_UNCLOSED_RING configuration option to NO
Warning 1: Non closed ring detected. To avoid accepting it, set the OGR_GEOMETRY_ACCEPT_UNCLOSED_RING configuration option to NO
Warning 1: Non closed ring detected. To avoid accepting it, set the OGR_GEOMETRY_ACCEPT_UNCLOSED_RING configuration option to NO
ERROR 1: IllegalArgumentException: Points of LinearRing do not form a closed linestring
Warning 1: Non closed ring detected. To avoid accepting it, set the OGR_GEOMETRY_ACCEPT_UNCLOSED_RING configuration option to NO
Warning 1: Non closed ring detected. To avoid accepting it, set the OGR_GEOMETRY_ACCEPT_UNCLOSED_RING configuration option to NO
Warning 1: Non closed ring detected. To avoid accepting it, set the OGR_GEOMETRY_ACCEPT_UNCLOSED_RING configuration option to NO
Warning 1: Non closed ring detected. To avoid accepting it, set the OGR_GEOMETRY_ACCEPT_UNCLOSED_RING configuration option to NO
ERROR 1: IllegalArgumentException: Points of LinearRing do not form a closed linestring
Warning 1: Non closed ring detected. To avoid accepting it, set the OGR_GEOMETRY_ACCEPT_UNCLOSED_RING configuration option to NO
Warning 1: Non closed ring detected. To avoid accepting it, set the OGR_GEOMETRY_ACCEPT_UNCLOSED_RING configuration option to NO
Warning 1: Non closed ring detected. To avoid accepting it, set the OGR_GEOMETRY_ACCEPT_UNCLOSED_RING configuration option to NO
Warning 1: Non closed ring detected. To avoid accepting it, set the OGR_GEOMETRY_ACCEPT_UNCLOSED_RING configuration option to NO
ERROR 1: IllegalArgumentException: Points of LinearRing do not form a closed linestring
Warning 1: Non closed ring detected. To avoid accepting it, set the OGR_GEOMETRY_ACCEPT_UNCLOSED_RING configuration option to NO
Warning 1: Non closed ring detected. To avoid accepting it, set the OGR_GEOMETRY_ACCEPT_UNCLOSED_RING configuration option to NO
Warning 1: Non closed ring detected. To avoid accepting it, set the OGR_GEOMETRY_ACCEPT_UNCLOSED_RING configuration option to NO
ERROR 1: IllegalArgumentException: Points of LinearRing do not form a closed linestring
Warning 1: Non closed ring detected. To avoid accepting it, set the OGR_GEOMETRY_ACCEPT_UNCLOSED_RING configuration option to NO
Warning 1: Non closed ring detected. To avoid accepting it, set the OGR_GEOMETRY_ACCEPT_UNCLOSED_RING configuration option to NO
ERROR 1: IllegalArgumentException: Points of LinearRing do not form a closed linestring
Warning 1: Non closed ring detected. To avoid accepting it, set the OGR_GEOMETRY_ACCEPT_UNCLOSED_RING configuration option to NO
Warning 1: Non closed ring detected. To avoid accepting it, set the OGR_GEOMETRY_ACCEPT_UNCLOSED_RING configuration option to NO
Warning 1: organizePolygons() received an unexpected geometry.  Either a polygon with interior rings, or a polygon with less than 4 points, or a non-Polygon geometry.  Return arguments as a collection.
Warning 1: Non closed ring detected. To avoid accepting it, set the OGR_GEOMETRY_ACCEPT_UNCLOSED_RING configuration option to NO
Warning 1: Non closed ring detected. To avoid accepting it, set the OGR_GEOMETRY_ACCEPT_UNCLOSED_RING configuration option to NO
ERROR 1: IllegalArgumentException: Points of LinearRing do not form a closed linestring
Warning 1: Non closed ring detected. To avoid accepting it, set the OGR_GEOMETRY_ACCEPT_UNCLOSED_RING configuration option to NO
Warning 1: Non closed ring detected. To avoid accepting it, set the OGR_GEOMETRY_ACCEPT_UNCLOSED_RING configuration option to NO
ERROR 1: IllegalArgumentException: Points of LinearRing do not form a closed linestring
Warning 1: Non closed ring detected. To avoid accepting it, set the OGR_GEOMETRY_ACCEPT_UNCLOSED_RING configuration option to NO
Warning 1: Non closed ring detected. To avoid accepting it, set the OGR_GEOMETRY_ACCEPT_UNCLOSED_RING configuration option to NO
Warning 1: Non closed ring detected. To avoid accepting it, set the OGR_GEOMETRY_ACCEPT_UNCLOSED_RING configuration option to NO
ERROR 1: IllegalArgumentException: Points of LinearRing do not form a closed linestring
Warning 1: Non closed ring detected. To avoid accepting it, set the OGR_GEOMETRY_ACCEPT_UNCLOSED_RING configuration option to NO
Warning 1: Non closed ring detected. To avoid accepting it, set the OGR_GEOMETRY_ACCEPT_UNCLOSED_RING configuration option to NO
Warning 1: Non closed ring detected. To avoid accepting it, set the OGR_GEOMETRY_ACCEPT_UNCLOSED_RING configuration option to NO
ERROR 1: IllegalArgumentException: Points of LinearRing do not form a closed linestring
Warning 1: Non closed ring detected. To avoid accepting it, set the OGR_GEOMETRY_ACCEPT_UNCLOSED_RING configuration option to NO
Warning 1: Non closed ring detected. To avoid accepting it, set the OGR_GEOMETRY_ACCEPT_UNCLOSED_RING configuration option to NO
ERROR 1: IllegalArgumentException: Points of LinearRing do not form a closed linestring
Warning 1: Non closed ring detected. To avoid accepting it, set the OGR_GEOMETRY_ACCEPT_UNCLOSED_RING configuration option to NO
Warning 1: Non closed ring detected. To avoid accepting it, set the OGR_GEOMETRY_ACCEPT_UNCLOSED_RING configuration option to NO
ERROR 1: IllegalArgumentException: Points of LinearRing do not form a closed linestring
Warning 1: Non closed ring detected. To avoid accepting it, set the OGR_GEOMETRY_ACCEPT_UNCLOSED_RING configuration option to NO
Warning 1: Non closed ring detected. To avoid accepting it, set the OGR_GEOMETRY_ACCEPT_UNCLOSED_RING configuration option to NO
Warning 1: Non closed ring detected. To avoid accepting it, set the OGR_GEOMETRY_ACCEPT_UNCLOSED_RING configuration option to NO
ERROR 1: IllegalArgumentException: Points of LinearRing do not form a closed linestring
Warning 1: Non closed ring detected. To avoid accepting it, set the OGR_GEOMETRY_ACCEPT_UNCLOSED_RING configuration option to NO
Warning 1: Non closed ring detected. To avoid accepting it, set the OGR_GEOMETRY_ACCEPT_UNCLOSED_RING configuration option to NO
ERROR 1: IllegalArgumentException: Points of LinearRing do not form a closed linestring
Warning 1: Non closed ring detected. To avoid accepting it, set the OGR_GEOMETRY_ACCEPT_UNCLOSED_RING configuration option to NO
Warning 1: Non closed ring detected. To avoid accepting it, set the OGR_GEOMETRY_ACCEPT_UNCLOSED_RING configuration option to NO
ERROR 1: IllegalArgumentException: Points of LinearRing do not form a closed linestring
Warning 1: Non closed ring detected. To avoid accepting it, set the OGR_GEOMETRY_ACCEPT_UNCLOSED_RING configuration option to NO
Warning 1: Non closed ring detected. To avoid accepting it, set the OGR_GEOMETRY_ACCEPT_UNCLOSED_RING configuration option to NO
ERROR 1: IllegalArgumentException: Points of LinearRing do not form a closed linestring
Warning 1: Non closed ring detected. To avoid accepting it, set the OGR_GEOMETRY_ACCEPT_UNCLOSED_RING configuration option to NO
Warning 1: Non closed ring detected. To avoid accepting it, set the OGR_GEOMETRY_ACCEPT_UNCLOSED_RING configuration option to NO
ERROR 1: IllegalArgumentException: Points of LinearRing do not form a closed linestring
Warning 1: Non closed ring detected. To avoid accepting it, set the OGR_GEOMETRY_ACCEPT_UNCLOSED_RING configuration option to NO
Warning 1: Non closed ring detected. To avoid accepting it, set the OGR_GEOMETRY_ACCEPT_UNCLOSED_RING configuration option to NO
ERROR 1: IllegalArgumentException: Points of LinearRing do not form a closed linestring
Warning 1: Non closed ring detected. To avoid accepting it, set the OGR_GEOMETRY_ACCEPT_UNCLOSED_RING configuration option to NO
Warning 1: Non closed ring detected. To avoid accepting it, set the OGR_GEOMETRY_ACCEPT_UNCLOSED_RING configuration option to NO
ERROR 1: IllegalArgumentException: Points of LinearRing do not form a closed linestring
Warning 1: Non closed ring detected. To avoid accepting it, set the OGR_GEOMETRY_ACCEPT_UNCLOSED_RING configuration option to NO
Warning 1: Non closed ring detected. To avoid accepting it, set the OGR_GEOMETRY_ACCEPT_UNCLOSED_RING configuration option to NO
ERROR 1: IllegalArgumentException: Points of LinearRing do not form a closed linestring
Warning 1: Non closed ring detected. To avoid accepting it, set the OGR_GEOMETRY_ACCEPT_UNCLOSED_RING configuration option to NO
Warning 1: Non closed ring detected. To avoid accepting it, set the OGR_GEOMETRY_ACCEPT_UNCLOSED_RING configuration option to NO
ERROR 1: IllegalArgumentException: Points of LinearRing do not form a closed linestring
Warning 1: Non closed ring detected. To avoid accepting it, set the OGR_GEOMETRY_ACCEPT_UNCLOSED_RING configuration option to NO
Warning 1: Non closed ring detected. To avoid accepting it, set the OGR_GEOMETRY_ACCEPT_UNCLOSED_RING configuration option to NO
Warning 1: organizePolygons() received an unexpected geometry.  Either a polygon with interior rings, or a polygon with less than 4 points, or a non-Polygon geometry.  Return arguments as a collection.
Warning 1: Non closed ring detected. To avoid accepting it, set the OGR_GEOMETRY_ACCEPT_UNCLOSED_RING configuration option to NO
Warning 1: Non closed ring detected. To avoid accepting it, set the OGR_GEOMETRY_ACCEPT_UNCLOSED_RING configuration option to NO
ERROR 1: IllegalArgumentException: Points of LinearRing do not form a closed linestring
Warning 1: Non closed ring detected. To avoid accepting it, set the OGR_GEOMETRY_ACCEPT_UNCLOSED_RING configuration option to NO
Warning 1: Non closed ring detected. To avoid accepting it, set the OGR_GEOMETRY_ACCEPT_UNCLOSED_RING configuration option to NO
Warning 1: Non closed ring detected. To avoid accepting it, set the OGR_GEOMETRY_ACCEPT_UNCLOSED_RING configuration option to NO
ERROR 1: IllegalArgumentException: Points of LinearRing do not form a closed linestring
Warning 1: Non closed ring detected. To avoid accepting it, set the OGR_GEOMETRY_ACCEPT_UNCLOSED_RING configuration option to NO
Warning 1: Non closed ring detected. To avoid accepting it, set the OGR_GEOMETRY_ACCEPT_UNCLOSED_RING configuration option to NO
ERROR 1: IllegalArgumentException: Points of LinearRing do not form a closed linestring
Warning 1: Non closed ring detected. To avoid accepting it, set the OGR_GEOMETRY_ACCEPT_UNCLOSED_RING configuration option to NO
Warning 1: Non closed ring detected. To avoid accepting it, set the OGR_GEOMETRY_ACCEPT_UNCLOSED_RING configuration option to NO
ERROR 1: IllegalArgumentException: Points of LinearRing do not form a closed linestring
Warning 1: Non closed ring detected. To avoid accepting it, set the OGR_GEOMETRY_ACCEPT_UNCLOSED_RING configuration option to NO
Warning 1: Non closed ring detected. To avoid accepting it, set the OGR_GEOMETRY_ACCEPT_UNCLOSED_RING configuration option to NO
Warning 1: Non closed ring detected. To avoid accepting it, set the OGR_GEOMETRY_ACCEPT_UNCLOSED_RING configuration option to NO
ERROR 1: IllegalArgumentException: Points of LinearRing do not form a closed linestring
Warning 1: Non closed ring detected. To avoid accepting it, set the OGR_GEOMETRY_ACCEPT_UNCLOSED_RING configuration option to NO
Warning 1: Non closed ring detected. To avoid accepting it, set the OGR_GEOMETRY_ACCEPT_UNCLOSED_RING configuration option to NO
ERROR 1: IllegalArgumentException: Points of LinearRing do not form a closed linestring
Warning 1: Non closed ring detected. To avoid accepting it, set the OGR_GEOMETRY_ACCEPT_UNCLOSED_RING configuration option to NO
Warning 1: Non closed ring detected. To avoid accepting it, set the OGR_GEOMETRY_ACCEPT_UNCLOSED_RING configuration option to NO
ERROR 1: IllegalArgumentException: Points of LinearRing do not form a closed linestring
Warning 1: Non closed ring detected. To avoid accepting it, set the OGR_GEOMETRY_ACCEPT_UNCLOSED_RING configuration option to NO
Warning 1: Non closed ring detected. To avoid accepting it, set the OGR_GEOMETRY_ACCEPT_UNCLOSED_RING configuration option to NO
ERROR 1: IllegalArgumentException: Points of LinearRing do not form a closed linestring
Warning 1: Non closed ring detected. To avoid accepting it, set the OGR_GEOMETRY_ACCEPT_UNCLOSED_RING configuration option to NO
Warning 1: Non closed ring detected. To avoid accepting it, set the OGR_GEOMETRY_ACCEPT_UNCLOSED_RING configuration option to NO
Warning 1: Non closed ring detected. To avoid accepting it, set the OGR_GEOMETRY_ACCEPT_UNCLOSED_RING configuration option to NO
ERROR 1: IllegalArgumentException: Points of LinearRing do not form a closed linestring
Warning 1: Non closed ring detected. To avoid accepting it, set the OGR_GEOMETRY_ACCEPT_UNCLOSED_RING configuration option to NO
Warning 1: Non closed ring detected. To avoid accepting it, set the OGR_GEOMETRY_ACCEPT_UNCLOSED_RING configuration option to NO
ERROR 1: IllegalArgumentException: Points of LinearRing do not form a closed linestring
Warning 1: Non closed ring detected. To avoid accepting it, set the OGR_GEOMETRY_ACCEPT_UNCLOSED_RING configuration option to NO
Warning 1: Non closed ring detected. To avoid accepting it, set the OGR_GEOMETRY_ACCEPT_UNCLOSED_RING configuration option to NO
Warning 1: Non closed ring detected. To avoid accepting it, set the OGR_GEOMETRY_ACCEPT_UNCLOSED_RING configuration option to NO
ERROR 1: IllegalArgumentException: Points of LinearRing do not form a closed linestring
Warning 1: Non closed ring detected. To avoid accepting it, set the OGR_GEOMETRY_ACCEPT_UNCLOSED_RING configuration option to NO
Warning 1: Non closed ring detected. To avoid accepting it, set the OGR_GEOMETRY_ACCEPT_UNCLOSED_RING configuration option to NO
Warning 1: Non closed ring detected. To avoid accepting it, set the OGR_GEOMETRY_ACCEPT_UNCLOSED_RING configuration option to NO
ERROR 1: IllegalArgumentException: Points of LinearRing do not form a closed linestring
Warning 1: Non closed ring detected. To avoid accepting it, set the OGR_GEOMETRY_ACCEPT_UNCLOSED_RING configuration option to NO
Warning 1: Non closed ring detected. To avoid accepting it, set the OGR_GEOMETRY_ACCEPT_UNCLOSED_RING configuration option to NO
ERROR 1: IllegalArgumentException: Points of LinearRing do not form a closed linestring
Warning 1: Non closed ring detected. To avoid accepting it, set the OGR_GEOMETRY_ACCEPT_UNCLOSED_RING configuration option to NO
Warning 1: Non closed ring detected. To avoid accepting it, set the OGR_GEOMETRY_ACCEPT_UNCLOSED_RING configuration option to NO
ERROR 1: IllegalArgumentException: Points of LinearRing do not form a closed linestring
Warning 1: Non closed ring detected. To avoid accepting it, set the OGR_GEOMETRY_ACCEPT_UNCLOSED_RING configuration option to NO
Warning 1: Non closed ring detected. To avoid accepting it, set the OGR_GEOMETRY_ACCEPT_UNCLOSED_RING configuration option to NO
Warning 1: Non closed ring detected. To avoid accepting it, set the OGR_GEOMETRY_ACCEPT_UNCLOSED_RING configuration option to NO
ERROR 1: IllegalArgumentException: Points of LinearRing do not form a closed linestring
Warning 1: Non closed ring detected. To avoid accepting it, set the OGR_GEOMETRY_ACCEPT_UNCLOSED_RING configuration option to NO
Warning 1: Non closed ring detected. To avoid accepting it, set the OGR_GEOMETRY_ACCEPT_UNCLOSED_RING configuration option to NO
Warning 1: Non closed ring detected. To avoid accepting it, set the OGR_GEOMETRY_ACCEPT_UNCLOSED_RING configuration option to NO
ERROR 1: IllegalArgumentException: Points of LinearRing do not form a closed linestring
Warning 1: Non closed ring detected. To avoid accepting it, set the OGR_GEOMETRY_ACCEPT_UNCLOSED_RING configuration option to NO
Warning 1: Non closed ring detected. To avoid accepting it, set the OGR_GEOMETRY_ACCEPT_UNCLOSED_RING configuration option to NO
Warning 1: organizePolygons() received an unexpected geometry.  Either a polygon with interior rings, or a polygon with less than 4 points, or a non-Polygon geometry.  Return arguments as a collection.
Warning 1: Non closed ring detected. To avoid accepting it, set the OGR_GEOMETRY_ACCEPT_UNCLOSED_RING configuration option to NO
Warning 1: Non closed ring detected. To avoid accepting it, set the OGR_GEOMETRY_ACCEPT_UNCLOSED_RING configuration option to NO
ERROR 1: IllegalArgumentException: Points of LinearRing do not form a closed linestring
Warning 1: Non closed ring detected. To avoid accepting it, set the OGR_GEOMETRY_ACCEPT_UNCLOSED_RING configuration option to NO
Warning 1: Non closed ring detected. To avoid accepting it, set the OGR_GEOMETRY_ACCEPT_UNCLOSED_RING configuration option to NO
ERROR 1: IllegalArgumentException: Points of LinearRing do not form a closed linestring
Warning 1: Non closed ring detected. To avoid accepting it, set the OGR_GEOMETRY_ACCEPT_UNCLOSED_RING configuration option to NO
Warning 1: Non closed ring detected. To avoid accepting it, set the OGR_GEOMETRY_ACCEPT_UNCLOSED_RING configuration option to NO
Warning 1: Non closed ring detected. To avoid accepting it, set the OGR_GEOMETRY_ACCEPT_UNCLOSED_RING configuration option to NO
ERROR 1: IllegalArgumentException: Points of LinearRing do not form a closed linestring
Warning 1: Non closed ring detected. To avoid accepting it, set the OGR_GEOMETRY_ACCEPT_UNCLOSED_RING configuration option to NO
ERROR 1: IllegalArgumentException: Points of LinearRing do not form a closed linestring
[kei 08] 完了 featureCount 目安: 268556
--- 系 09 (EPSG:6677) SHP 204 件 → /home/ubuntu/work/cursor/zure-map-pipeline/data/03-geopackage/shp2geopackage/run_zure_20260321_212105/geopackage_per_kei/09.gpkg ---
Warning 1: A geometry of type MULTIPOLYGON is inserted into layer kozu_merged of geometry type POLYGON, which is not normally allowed by the GeoPackage specification, but the driver will however do it. To create a conformant GeoPackage, if using ogr2ogr, the -nlt option can be used to override the layer geometry type. This warning will no longer be emitted for this combination of layer and feature geometry type.
Warning 1: A geometry of type POINT is inserted into layer kozu_merged of geometry type POLYGON, which is not normally allowed by the GeoPackage specification, but the driver will however do it. To create a conformant GeoPackage, if using ogr2ogr, the -nlt option can be used to override the layer geometry type. This warning will no longer be emitted for this combination of layer and feature geometry type.
Warning 1: A geometry of type MULTILINESTRING is inserted into layer kozu_merged of geometry type POLYGON, which is not normally allowed by the GeoPackage specification, but the driver will however do it. To create a conformant GeoPackage, if using ogr2ogr, the -nlt option can be used to override the layer geometry type. This warning will no longer be emitted for this combination of layer and feature geometry type.
ERROR 1: IllegalArgumentException: Invalid number of points in LinearRing found 2 - must be 0 or >= 4
Warning 1: Non closed ring detected. To avoid accepting it, set the OGR_GEOMETRY_ACCEPT_UNCLOSED_RING configuration option to NO
Warning 1: Non closed ring detected. To avoid accepting it, set the OGR_GEOMETRY_ACCEPT_UNCLOSED_RING configuration option to NO
Warning 1: Non closed ring detected. To avoid accepting it, set the OGR_GEOMETRY_ACCEPT_UNCLOSED_RING configuration option to NO
ERROR 1: IllegalArgumentException: Points of LinearRing do not form a closed linestring
Warning 1: Non closed ring detected. To avoid accepting it, set the OGR_GEOMETRY_ACCEPT_UNCLOSED_RING configuration option to NO
Warning 1: Non closed ring detected. To avoid accepting it, set the OGR_GEOMETRY_ACCEPT_UNCLOSED_RING configuration option to NO
ERROR 1: IllegalArgumentException: Points of LinearRing do not form a closed linestring
Warning 1: Non closed ring detected. To avoid accepting it, set the OGR_GEOMETRY_ACCEPT_UNCLOSED_RING configuration option to NO
Warning 1: Non closed ring detected. To avoid accepting it, set the OGR_GEOMETRY_ACCEPT_UNCLOSED_RING configuration option to NO
ERROR 1: IllegalArgumentException: Points of LinearRing do not form a closed linestring
Warning 1: Non closed ring detected. To avoid accepting it, set the OGR_GEOMETRY_ACCEPT_UNCLOSED_RING configuration option to NO
Warning 1: Non closed ring detected. To avoid accepting it, set the OGR_GEOMETRY_ACCEPT_UNCLOSED_RING configuration option to NO
ERROR 1: IllegalArgumentException: Points of LinearRing do not form a closed linestring
Warning 1: Non closed ring detected. To avoid accepting it, set the OGR_GEOMETRY_ACCEPT_UNCLOSED_RING configuration option to NO
ERROR 1: IllegalArgumentException: Points of LinearRing do not form a closed linestring
Warning 1: Non closed ring detected. To avoid accepting it, set the OGR_GEOMETRY_ACCEPT_UNCLOSED_RING configuration option to NO
Warning 1: Non closed ring detected. To avoid accepting it, set the OGR_GEOMETRY_ACCEPT_UNCLOSED_RING configuration option to NO
Warning 1: Non closed ring detected. To avoid accepting it, set the OGR_GEOMETRY_ACCEPT_UNCLOSED_RING configuration option to NO
ERROR 1: IllegalArgumentException: Points of LinearRing do not form a closed linestring
Warning 1: Non closed ring detected. To avoid accepting it, set the OGR_GEOMETRY_ACCEPT_UNCLOSED_RING configuration option to NO
Warning 1: Non closed ring detected. To avoid accepting it, set the OGR_GEOMETRY_ACCEPT_UNCLOSED_RING configuration option to NO
ERROR 1: IllegalArgumentException: Points of LinearRing do not form a closed linestring
Warning 1: Non closed ring detected. To avoid accepting it, set the OGR_GEOMETRY_ACCEPT_UNCLOSED_RING configuration option to NO
Warning 1: Non closed ring detected. To avoid accepting it, set the OGR_GEOMETRY_ACCEPT_UNCLOSED_RING configuration option to NO
Warning 1: Non closed ring detected. To avoid accepting it, set the OGR_GEOMETRY_ACCEPT_UNCLOSED_RING configuration option to NO
ERROR 1: IllegalArgumentException: Points of LinearRing do not form a closed linestring
Warning 1: Non closed ring detected. To avoid accepting it, set the OGR_GEOMETRY_ACCEPT_UNCLOSED_RING configuration option to NO
Warning 1: Non closed ring detected. To avoid accepting it, set the OGR_GEOMETRY_ACCEPT_UNCLOSED_RING configuration option to NO
Warning 1: organizePolygons() received an unexpected geometry.  Either a polygon with interior rings, or a polygon with less than 4 points, or a non-Polygon geometry.  Return arguments as a collection.
Warning 1: Non closed ring detected. To avoid accepting it, set the OGR_GEOMETRY_ACCEPT_UNCLOSED_RING configuration option to NO
ERROR 1: IllegalArgumentException: Points of LinearRing do not form a closed linestring
Warning 1: Non closed ring detected. To avoid accepting it, set the OGR_GEOMETRY_ACCEPT_UNCLOSED_RING configuration option to NO
Warning 1: Non closed ring detected. To avoid accepting it, set the OGR_GEOMETRY_ACCEPT_UNCLOSED_RING configuration option to NO
ERROR 1: IllegalArgumentException: Points of LinearRing do not form a closed linestring
Warning 1: Non closed ring detected. To avoid accepting it, set the OGR_GEOMETRY_ACCEPT_UNCLOSED_RING configuration option to NO
Warning 1: Non closed ring detected. To avoid accepting it, set the OGR_GEOMETRY_ACCEPT_UNCLOSED_RING configuration option to NO
ERROR 1: IllegalArgumentException: Points of LinearRing do not form a closed linestring
Warning 1: Non closed ring detected. To avoid accepting it, set the OGR_GEOMETRY_ACCEPT_UNCLOSED_RING configuration option to NO
Warning 1: Non closed ring detected. To avoid accepting it, set the OGR_GEOMETRY_ACCEPT_UNCLOSED_RING configuration option to NO
ERROR 1: IllegalArgumentException: Points of LinearRing do not form a closed linestring
Warning 1: Non closed ring detected. To avoid accepting it, set the OGR_GEOMETRY_ACCEPT_UNCLOSED_RING configuration option to NO
Warning 1: Non closed ring detected. To avoid accepting it, set the OGR_GEOMETRY_ACCEPT_UNCLOSED_RING configuration option to NO
ERROR 1: IllegalArgumentException: Points of LinearRing do not form a closed linestring
Warning 1: Non closed ring detected. To avoid accepting it, set the OGR_GEOMETRY_ACCEPT_UNCLOSED_RING configuration option to NO
Warning 1: Non closed ring detected. To avoid accepting it, set the OGR_GEOMETRY_ACCEPT_UNCLOSED_RING configuration option to NO
Warning 1: Non closed ring detected. To avoid accepting it, set the OGR_GEOMETRY_ACCEPT_UNCLOSED_RING configuration option to NO
ERROR 1: IllegalArgumentException: Points of LinearRing do not form a closed linestring
Warning 1: Non closed ring detected. To avoid accepting it, set the OGR_GEOMETRY_ACCEPT_UNCLOSED_RING configuration option to NO
Warning 1: Non closed ring detected. To avoid accepting it, set the OGR_GEOMETRY_ACCEPT_UNCLOSED_RING configuration option to NO
Warning 1: organizePolygons() received an unexpected geometry.  Either a polygon with interior rings, or a polygon with less than 4 points, or a non-Polygon geometry.  Return arguments as a collection.
Warning 1: Non closed ring detected. To avoid accepting it, set the OGR_GEOMETRY_ACCEPT_UNCLOSED_RING configuration option to NO
ERROR 1: IllegalArgumentException: Points of LinearRing do not form a closed linestring
Warning 1: Non closed ring detected. To avoid accepting it, set the OGR_GEOMETRY_ACCEPT_UNCLOSED_RING configuration option to NO
ERROR 1: IllegalArgumentException: Points of LinearRing do not form a closed linestring
Warning 1: Non closed ring detected. To avoid accepting it, set the OGR_GEOMETRY_ACCEPT_UNCLOSED_RING configuration option to NO
ERROR 1: IllegalArgumentException: Points of LinearRing do not form a closed linestring
Warning 1: Non closed ring detected. To avoid accepting it, set the OGR_GEOMETRY_ACCEPT_UNCLOSED_RING configuration option to NO
ERROR 1: IllegalArgumentException: Points of LinearRing do not form a closed linestring
Warning 1: Non closed ring detected. To avoid accepting it, set the OGR_GEOMETRY_ACCEPT_UNCLOSED_RING configuration option to NO
ERROR 1: IllegalArgumentException: Points of LinearRing do not form a closed linestring
Warning 1: Non closed ring detected. To avoid accepting it, set the OGR_GEOMETRY_ACCEPT_UNCLOSED_RING configuration option to NO
ERROR 1: IllegalArgumentException: Points of LinearRing do not form a closed linestring
Warning 1: Non closed ring detected. To avoid accepting it, set the OGR_GEOMETRY_ACCEPT_UNCLOSED_RING configuration option to NO
Warning 1: Non closed ring detected. To avoid accepting it, set the OGR_GEOMETRY_ACCEPT_UNCLOSED_RING configuration option to NO
ERROR 1: IllegalArgumentException: Points of LinearRing do not form a closed linestring
Warning 1: Non closed ring detected. To avoid accepting it, set the OGR_GEOMETRY_ACCEPT_UNCLOSED_RING configuration option to NO
Warning 1: Non closed ring detected. To avoid accepting it, set the OGR_GEOMETRY_ACCEPT_UNCLOSED_RING configuration option to NO
Warning 1: organizePolygons() received an unexpected geometry.  Either a polygon with interior rings, or a polygon with less than 4 points, or a non-Polygon geometry.  Return arguments as a collection.
Warning 1: Non closed ring detected. To avoid accepting it, set the OGR_GEOMETRY_ACCEPT_UNCLOSED_RING configuration option to NO
ERROR 1: IllegalArgumentException: Points of LinearRing do not form a closed linestring
Warning 1: Non closed ring detected. To avoid accepting it, set the OGR_GEOMETRY_ACCEPT_UNCLOSED_RING configuration option to NO
Warning 1: Non closed ring detected. To avoid accepting it, set the OGR_GEOMETRY_ACCEPT_UNCLOSED_RING configuration option to NO
ERROR 1: IllegalArgumentException: Points of LinearRing do not form a closed linestring
[kei 09] 完了 featureCount 目安: 676670
--- 系 10 (EPSG:6678) SHP 38 件 → /home/ubuntu/work/cursor/zure-map-pipeline/data/03-geopackage/shp2geopackage/run_zure_20260321_212105/geopackage_per_kei/10.gpkg ---
Warning 1: A geometry of type MULTIPOLYGON is inserted into layer kozu_merged of geometry type POLYGON, which is not normally allowed by the GeoPackage specification, but the driver will however do it. To create a conformant GeoPackage, if using ogr2ogr, the -nlt option can be used to override the layer geometry type. This warning will no longer be emitted for this combination of layer and feature geometry type.
Warning 1: A geometry of type POINT is inserted into layer kozu_merged of geometry type POLYGON, which is not normally allowed by the GeoPackage specification, but the driver will however do it. To create a conformant GeoPackage, if using ogr2ogr, the -nlt option can be used to override the layer geometry type. This warning will no longer be emitted for this combination of layer and feature geometry type.
Warning 1: Non closed ring detected. To avoid accepting it, set the OGR_GEOMETRY_ACCEPT_UNCLOSED_RING configuration option to NO
Warning 1: Non closed ring detected. To avoid accepting it, set the OGR_GEOMETRY_ACCEPT_UNCLOSED_RING configuration option to NO
Warning 1: Non closed ring detected. To avoid accepting it, set the OGR_GEOMETRY_ACCEPT_UNCLOSED_RING configuration option to NO
ERROR 1: IllegalArgumentException: Points of LinearRing do not form a closed linestring
[kei 10] 完了 featureCount 目安: 94892
--- 系 11 (EPSG:6679) SHP 6 件 → /home/ubuntu/work/cursor/zure-map-pipeline/data/03-geopackage/shp2geopackage/run_zure_20260321_212105/geopackage_per_kei/11.gpkg ---
[kei 11] 完了 featureCount 目安: 4911
--- 系 12 (EPSG:6680) SHP 22 件 → /home/ubuntu/work/cursor/zure-map-pipeline/data/03-geopackage/shp2geopackage/run_zure_20260321_212105/geopackage_per_kei/12.gpkg ---
Warning 1: A geometry of type MULTIPOLYGON is inserted into layer kozu_merged of geometry type POLYGON, which is not normally allowed by the GeoPackage specification, but the driver will however do it. To create a conformant GeoPackage, if using ogr2ogr, the -nlt option can be used to override the layer geometry type. This warning will no longer be emitted for this combination of layer and feature geometry type.
[kei 12] 完了 featureCount 目安: 20117
--- 系 13 (EPSG:6681) SHP 10 件 → /home/ubuntu/work/cursor/zure-map-pipeline/data/03-geopackage/shp2geopackage/run_zure_20260321_212105/geopackage_per_kei/13.gpkg ---
[kei 13] 完了 featureCount 目安: 7968
--- 系 15 (EPSG:6683) SHP 1 件 → /home/ubuntu/work/cursor/zure-map-pipeline/data/03-geopackage/shp2geopackage/run_zure_20260321_212105/geopackage_per_kei/15.gpkg ---
Warning 1: Non closed ring detected. To avoid accepting it, set the OGR_GEOMETRY_ACCEPT_UNCLOSED_RING configuration option to NO
Warning 1: Non closed ring detected. To avoid accepting it, set the OGR_GEOMETRY_ACCEPT_UNCLOSED_RING configuration option to NO
ERROR 1: IllegalArgumentException: Points of LinearRing do not form a closed linestring
[kei 15] 完了 featureCount 目安: 1509
[件数照合 geopackage_per_kei（系別合計）] SHP 合計=2312146  GPKG=2312042
Error: geopackage_per_kei（系別合計） で GPKG のフィーチャ数が SHP と一致しません。ogr2ogr の直前ログ、または OGR2OGR_NO_MAKEVALID=1 で再現確認。
